<?xml version="1.0" encoding="UTF-8"?>
<!-- Generated by org.testng.reporters.JUnitXMLReporter -->
<testsuite ignored="0" hostname="Pavithran-G15" failures="0" tests="12" name="Surefire test" time="1.865" errors="0" timestamp="2024-04-25T23:59:01 IST">
  <testcase classname="com.skcet.AppTest" name="@BeforeTest setup" time="1.817">
    <failure type="java.lang.NoClassDefFoundError" message="org/apache/logging/log4j/util/Lazy">
      <![CDATA[java.lang.NoClassDefFoundError: org/apache/logging/log4j/util/Lazy
at org.apache.logging.log4j.core.selector.ClassLoaderContextSelector.<init>(ClassLoaderContextSelector.java:55)
at org.apache.logging.log4j.core.impl.Log4jContextFactory.createContextSelector(Log4jContextFactory.java:108)
at org.apache.logging.log4j.core.impl.Log4jContextFactory.<init>(Log4jContextFactory.java:60)
at java.base/java.lang.Class.newInstance(Class.java:645)
at org.apache.logging.log4j.LogManager.<clinit>(LogManager.java:95)
at com.skcet.AppTest.setup(AppTest.java:38)
Caused by: java.lang.ClassNotFoundException: org.apache.logging.log4j.util.Lazy
at java.base/jdk.internal.loader.BuiltinClassLoader.loadClass(BuiltinClassLoader.java:641)
at java.base/jdk.internal.loader.ClassLoaders$AppClassLoader.loadClass(ClassLoaders.java:188)
at java.base/java.lang.ClassLoader.loadClass(ClassLoader.java:520)
... 41 more
... Removed 35 stack frames]]>
    </failure>
  </testcase> <!-- @BeforeTest setup -->
  <testcase classname="com.skcet.AppTest" name="openMoneyControl" time="0.0">
    <skipped/>
  </testcase> <!-- openMoneyControl -->
  <testcase classname="com.skcet.AppTest" name="searchForReliance" time="0.0">
    <skipped/>
  </testcase> <!-- searchForReliance -->
  <testcase classname="com.skcet.AppTest" name="clickRelianceIndustries" time="0.0">
    <skipped/>
  </testcase> <!-- clickRelianceIndustries -->
  <testcase classname="com.skcet.AppTest" name="checkThePresenceOfReliance" time="0.0">
    <skipped/>
  </testcase> <!-- checkThePresenceOfReliance -->
  <testcase classname="com.skcet.AppTest" name="hoverMutualFunds" time="0.0">
    <skipped/>
  </testcase> <!-- hoverMutualFunds -->
  <testcase classname="com.skcet.AppTest" name="navigateToSIPReturns" time="0.0">
    <skipped/>
  </testcase> <!-- navigateToSIPReturns -->
  <testcase classname="com.skcet.AppTest" name="selectAxisFund" time="0.0">
    <skipped/>
  </testcase> <!-- selectAxisFund -->
  <testcase classname="com.skcet.AppTest" name="selectScheme" time="0.0">
    <skipped/>
  </testcase> <!-- selectScheme -->
  <testcase classname="com.skcet.AppTest" name="setAmount" time="0.0">
    <skipped/>
  </testcase> <!-- setAmount -->
  <testcase classname="com.skcet.AppTest" name="setStartDate" time="0.0">
    <skipped/>
  </testcase> <!-- setStartDate -->
  <testcase classname="com.skcet.AppTest" name="setEndDate" time="0.0">
    <skipped/>
  </testcase> <!-- setEndDate -->
  <testcase classname="com.skcet.AppTest" name="calculateMutualFund" time="0.0">
    <skipped/>
  </testcase> <!-- calculateMutualFund -->
</testsuite> <!-- Surefire test -->
